StackEvents:
- EventId: 89404e10-574b-11ed-9f56-06ada9255be2
  LogicalResourceId: ec2-simple
  PhysicalResourceId: arn:aws:cloudformation:ap-northeast-2:742258403461:stack/ec2-simple/7bfd1260-574b-11ed-a84e-063adb3ebac8
  ResourceStatus: ROLLBACK_COMPLETE
  ResourceType: AWS::CloudFormation::Stack
  StackId: arn:aws:cloudformation:ap-northeast-2:742258403461:stack/ec2-simple/7bfd1260-574b-11ed-a84e-063adb3ebac8
  StackName: ec2-simple
  Timestamp: '2022-10-29T05:35:45.516000+00:00'
- EventId: InstanceSecurityGroup-DELETE_COMPLETE-2022-10-29T05:35:44.984Z
  LogicalResourceId: InstanceSecurityGroup
  PhysicalResourceId: ec2-simple-InstanceSecurityGroup-PPZ1E855UYVZ
  ResourceProperties: '{"GroupDescription":"Enable SSH access via port 22","SecurityGroupIngress":[{"CidrIp":"0.0.0.0/0","FromPort":"22","ToPort":"22","IpProtocol":"tcp"}]}'
  ResourceStatus: DELETE_COMPLETE
  ResourceType: AWS::EC2::SecurityGroup
  StackId: arn:aws:cloudformation:ap-northeast-2:742258403461:stack/ec2-simple/7bfd1260-574b-11ed-a84e-063adb3ebac8
  StackName: ec2-simple
  Timestamp: '2022-10-29T05:35:44.984000+00:00'
- EventId: InstanceSecurityGroup-DELETE_IN_PROGRESS-2022-10-29T05:35:43.694Z
  LogicalResourceId: InstanceSecurityGroup
  PhysicalResourceId: ec2-simple-InstanceSecurityGroup-PPZ1E855UYVZ
  ResourceProperties: '{"GroupDescription":"Enable SSH access via port 22","SecurityGroupIngress":[{"CidrIp":"0.0.0.0/0","FromPort":"22","ToPort":"22","IpProtocol":"tcp"}]}'
  ResourceStatus: DELETE_IN_PROGRESS
  ResourceType: AWS::EC2::SecurityGroup
  StackId: arn:aws:cloudformation:ap-northeast-2:742258403461:stack/ec2-simple/7bfd1260-574b-11ed-a84e-063adb3ebac8
  StackName: ec2-simple
  Timestamp: '2022-10-29T05:35:43.694000+00:00'
- EventId: EC2Instance-DELETE_COMPLETE-2022-10-29T05:35:43.103Z
  LogicalResourceId: EC2Instance
  PhysicalResourceId: ''
  ResourceStatus: DELETE_COMPLETE
  ResourceType: AWS::EC2::Instance
  StackId: arn:aws:cloudformation:ap-northeast-2:742258403461:stack/ec2-simple/7bfd1260-574b-11ed-a84e-063adb3ebac8
  StackName: ec2-simple
  Timestamp: '2022-10-29T05:35:43.103000+00:00'
- EventId: 864a3f90-574b-11ed-bcf5-06dd665aa996
  LogicalResourceId: ec2-simple
  PhysicalResourceId: arn:aws:cloudformation:ap-northeast-2:742258403461:stack/ec2-simple/7bfd1260-574b-11ed-a84e-063adb3ebac8
  ResourceStatus: ROLLBACK_IN_PROGRESS
  ResourceStatusReason: 'The following resource(s) failed to create: [EC2Instance].
    Rollback requested by user.'
  ResourceType: AWS::CloudFormation::Stack
  StackId: arn:aws:cloudformation:ap-northeast-2:742258403461:stack/ec2-simple/7bfd1260-574b-11ed-a84e-063adb3ebac8
  StackName: ec2-simple
  Timestamp: '2022-10-29T05:35:40.547000+00:00'
- EventId: EC2Instance-CREATE_FAILED-2022-10-29T05:35:39.904Z
  LogicalResourceId: EC2Instance
  PhysicalResourceId: ''
  ResourceStatus: CREATE_FAILED
  ResourceStatusReason: Encountered unsupported property VpcId
  ResourceType: AWS::EC2::Instance
  StackId: arn:aws:cloudformation:ap-northeast-2:742258403461:stack/ec2-simple/7bfd1260-574b-11ed-a84e-063adb3ebac8
  StackName: ec2-simple
  Timestamp: '2022-10-29T05:35:39.904000+00:00'
- EventId: InstanceSecurityGroup-CREATE_COMPLETE-2022-10-29T05:35:38.490Z
  LogicalResourceId: InstanceSecurityGroup
  PhysicalResourceId: ec2-simple-InstanceSecurityGroup-PPZ1E855UYVZ
  ResourceProperties: '{"GroupDescription":"Enable SSH access via port 22","SecurityGroupIngress":[{"CidrIp":"0.0.0.0/0","FromPort":"22","ToPort":"22","IpProtocol":"tcp"}]}'
  ResourceStatus: CREATE_COMPLETE
  ResourceType: AWS::EC2::SecurityGroup
  StackId: arn:aws:cloudformation:ap-northeast-2:742258403461:stack/ec2-simple/7bfd1260-574b-11ed-a84e-063adb3ebac8
  StackName: ec2-simple
  Timestamp: '2022-10-29T05:35:38.490000+00:00'
- EventId: InstanceSecurityGroup-CREATE_IN_PROGRESS-2022-10-29T05:35:37.937Z
  LogicalResourceId: InstanceSecurityGroup
  PhysicalResourceId: ec2-simple-InstanceSecurityGroup-PPZ1E855UYVZ
  ResourceProperties: '{"GroupDescription":"Enable SSH access via port 22","SecurityGroupIngress":[{"CidrIp":"0.0.0.0/0","FromPort":"22","ToPort":"22","IpProtocol":"tcp"}]}'
  ResourceStatus: CREATE_IN_PROGRESS
  ResourceStatusReason: Resource creation Initiated
  ResourceType: AWS::EC2::SecurityGroup
  StackId: arn:aws:cloudformation:ap-northeast-2:742258403461:stack/ec2-simple/7bfd1260-574b-11ed-a84e-063adb3ebac8
  StackName: ec2-simple
  Timestamp: '2022-10-29T05:35:37.937000+00:00'
- EventId: InstanceSecurityGroup-CREATE_IN_PROGRESS-2022-10-29T05:35:33.161Z
  LogicalResourceId: InstanceSecurityGroup
  PhysicalResourceId: ''
  ResourceProperties: '{"GroupDescription":"Enable SSH access via port 22","SecurityGroupIngress":[{"CidrIp":"0.0.0.0/0","FromPort":"22","ToPort":"22","IpProtocol":"tcp"}]}'
  ResourceStatus: CREATE_IN_PROGRESS
  ResourceType: AWS::EC2::SecurityGroup
  StackId: arn:aws:cloudformation:ap-northeast-2:742258403461:stack/ec2-simple/7bfd1260-574b-11ed-a84e-063adb3ebac8
  StackName: ec2-simple
  Timestamp: '2022-10-29T05:35:33.161000+00:00'
- EventId: 7f691430-574b-11ed-8478-06bdd3bdbfb0
  LogicalResourceId: ec2-simple
  PhysicalResourceId: arn:aws:cloudformation:ap-northeast-2:742258403461:stack/ec2-simple/7bfd1260-574b-11ed-a84e-063adb3ebac8
  ResourceStatus: CREATE_IN_PROGRESS
  ResourceStatusReason: User Initiated
  ResourceType: AWS::CloudFormation::Stack
  StackId: arn:aws:cloudformation:ap-northeast-2:742258403461:stack/ec2-simple/7bfd1260-574b-11ed-a84e-063adb3ebac8
  StackName: ec2-simple
  Timestamp: '2022-10-29T05:35:28.984000+00:00'
- EventId: 7bfbb2d0-574b-11ed-a84e-063adb3ebac8
  LogicalResourceId: ec2-simple
  PhysicalResourceId: arn:aws:cloudformation:ap-northeast-2:742258403461:stack/ec2-simple/7bfd1260-574b-11ed-a84e-063adb3ebac8
  ResourceStatus: REVIEW_IN_PROGRESS
  ResourceStatusReason: User Initiated
  ResourceType: AWS::CloudFormation::Stack
  StackId: arn:aws:cloudformation:ap-northeast-2:742258403461:stack/ec2-simple/7bfd1260-574b-11ed-a84e-063adb3ebac8
  StackName: ec2-simple
  Timestamp: '2022-10-29T05:35:23.426000+00:00'
